<?xml version="1.0" encoding="UTF-8"?>
<!-- Generated by org.testng.reporters.JUnitXMLReporter -->
<testsuite ignored="0" hostname="My_Dell" failures="0" tests="5" name="Regression Testing" time="17.981" errors="0" timestamp="2023-11-08T17:16:58 EST">
  <testcase classname="TestNG.TestNGParametrization" name="display" time="1.101"/>
  <testcase classname="TestNG.TestNGParametrization" name="display" time="1.141"/>
  <testcase classname="TestNG.TestNGParametrization" name="display" time="1.091"/>
  <testcase classname="TestNG.TestngAnnotations" name="validcase" time="3.079"/>
  <testcase classname="TestNG.TestngAnnotations" name="invalidcase" time="0.082"/>
</testsuite> <!-- Regression Testing -->
