<?xml version="1.0" encoding="UTF-8"?>
<testng-results ignored="0" total="2" passed="2" failed="0" skipped="0">
  <reporter-output>
  </reporter-output>
  <suite started-at="2024-01-21T16:06:37 EST" name="Default suite" finished-at="2024-01-21T16:06:37 EST" duration-ms="73">
    <groups>
    </groups>
    <test started-at="2024-01-21T16:06:37 EST" name="Default test" finished-at="2024-01-21T16:06:37 EST" duration-ms="73">
      <class name="TestNG.OrderofExecution">
        <test-method is-config="true" signature="beforeSuite()[pri:0, instance:TestNG.OrderofExecution@71809907]" started-at="2024-01-21T16:06:37 EST" name="beforeSuite" finished-at="2024-01-21T16:06:37 EST" duration-ms="11" status="PASS">
          <reporter-output>
          </reporter-output>
        </test-method> <!-- beforeSuite -->
        <test-method is-config="true" signature="beforeTest()[pri:0, instance:TestNG.OrderofExecution@71809907]" started-at="2024-01-21T16:06:37 EST" name="beforeTest" finished-at="2024-01-21T16:06:37 EST" duration-ms="1" status="PASS">
          <reporter-output>
          </reporter-output>
        </test-method> <!-- beforeTest -->
        <test-method is-config="true" signature="beforeClass()[pri:0, instance:TestNG.OrderofExecution@71809907]" started-at="2024-01-21T16:06:37 EST" name="beforeClass" finished-at="2024-01-21T16:06:37 EST" duration-ms="1" status="PASS">
          <reporter-output>
          </reporter-output>
        </test-method> <!-- beforeClass -->
        <test-method is-config="true" signature="beforeMethod()[pri:0, instance:TestNG.OrderofExecution@71809907]" started-at="2024-01-21T16:06:37 EST" name="beforeMethod" finished-at="2024-01-21T16:06:37 EST" duration-ms="1" status="PASS">
          <reporter-output>
          </reporter-output>
        </test-method> <!-- beforeMethod -->
        <test-method signature="testMethod1()[pri:0, instance:TestNG.OrderofExecution@71809907]" started-at="2024-01-21T16:06:37 EST" name="testMethod1" finished-at="2024-01-21T16:06:37 EST" duration-ms="12" status="PASS">
          <reporter-output>
          </reporter-output>
        </test-method> <!-- testMethod1 -->
        <test-method is-config="true" signature="afterMethod()[pri:0, instance:TestNG.OrderofExecution@71809907]" started-at="2024-01-21T16:06:37 EST" name="afterMethod" finished-at="2024-01-21T16:06:37 EST" duration-ms="2" status="PASS">
          <reporter-output>
          </reporter-output>
        </test-method> <!-- afterMethod -->
        <test-method is-config="true" signature="beforeMethod()[pri:0, instance:TestNG.OrderofExecution@71809907]" started-at="2024-01-21T16:06:37 EST" name="beforeMethod" finished-at="2024-01-21T16:06:37 EST" duration-ms="2" status="PASS">
          <reporter-output>
          </reporter-output>
        </test-method> <!-- beforeMethod -->
        <test-method signature="testMethod2()[pri:0, instance:TestNG.OrderofExecution@71809907]" started-at="2024-01-21T16:06:37 EST" name="testMethod2" finished-at="2024-01-21T16:06:37 EST" duration-ms="7" status="PASS">
          <reporter-output>
          </reporter-output>
        </test-method> <!-- testMethod2 -->
        <test-method is-config="true" signature="afterMethod()[pri:0, instance:TestNG.OrderofExecution@71809907]" started-at="2024-01-21T16:06:37 EST" name="afterMethod" finished-at="2024-01-21T16:06:37 EST" duration-ms="1" status="PASS">
          <reporter-output>
          </reporter-output>
        </test-method> <!-- afterMethod -->
        <test-method is-config="true" signature="afterClass()[pri:0, instance:TestNG.OrderofExecution@71809907]" started-at="2024-01-21T16:06:37 EST" name="afterClass" finished-at="2024-01-21T16:06:37 EST" duration-ms="1" status="PASS">
          <reporter-output>
          </reporter-output>
        </test-method> <!-- afterClass -->
        <test-method is-config="true" signature="afterTest()[pri:0, instance:TestNG.OrderofExecution@71809907]" started-at="2024-01-21T16:06:37 EST" name="afterTest" finished-at="2024-01-21T16:06:37 EST" duration-ms="0" status="PASS">
          <reporter-output>
          </reporter-output>
        </test-method> <!-- afterTest -->
        <test-method is-config="true" signature="afterSuite()[pri:0, instance:TestNG.OrderofExecution@71809907]" started-at="2024-01-21T16:06:37 EST" name="afterSuite" finished-at="2024-01-21T16:06:37 EST" duration-ms="1" status="PASS">
          <reporter-output>
          </reporter-output>
        </test-method> <!-- afterSuite -->
      </class> <!-- TestNG.OrderofExecution -->
    </test> <!-- Default test -->
  </suite> <!-- Default suite -->
</testng-results>
